<?xml version="1.0" encoding="UTF-8"?>
<testng-results ignored="0" total="4" passed="3" failed="1" skipped="0">
  <reporter-output>
  </reporter-output>
  <suite started-at="2025-05-27T20:36:20 IST" name="Suite" finished-at="2025-05-27T20:36:41 IST" duration-ms="20398">
    <groups>
    </groups>
    <test started-at="2025-05-27T20:36:20 IST" name="Test" finished-at="2025-05-27T20:36:41 IST" duration-ms="20398">
      <class name="com.creatio.crm.application.tests.AplicationTest">
        <test-method is-config="true" signature="SetupReport()[pri:0, instance:com.creatio.crm.application.tests.AplicationTest@30c15d8b]" started-at="2025-05-27T20:36:20 IST" name="SetupReport" finished-at="2025-05-27T20:36:20 IST" duration-ms="129" status="PASS">
          <reporter-output>
          </reporter-output>
        </test-method> <!-- SetupReport -->
        <test-method is-config="true" signature="setupbrowser(java.lang.String)[pri:0, instance:com.creatio.crm.application.tests.AplicationTest@30c15d8b]" started-at="2025-05-27T20:36:20 IST" name="setupbrowser" finished-at="2025-05-27T20:36:24 IST" duration-ms="3648" status="PASS">
          <params>
            <param index="0">
              <value>
                <![CDATA[Chrome]]>
              </value>
            </param>
          </params>
          <reporter-output>
          </reporter-output>
        </test-method> <!-- setupbrowser -->
        <test-method is-config="true" signature="initializeWeDriverdetails()[pri:0, instance:com.creatio.crm.application.tests.AplicationTest@30c15d8b]" started-at="2025-05-27T20:36:24 IST" name="initializeWeDriverdetails" finished-at="2025-05-27T20:36:24 IST" depends-on-methods="com.creatio.crm.framework.base.BasePage.setupbrowser" duration-ms="37" status="PASS">
          <reporter-output>
          </reporter-output>
        </test-method> <!-- initializeWeDriverdetails -->
        <test-method signature="VerifyCookieHeaderisDisplayed()[pri:1, instance:com.creatio.crm.application.tests.AplicationTest@30c15d8b]" started-at="2025-05-27T20:36:24 IST" name="VerifyCookieHeaderisDisplayed" finished-at="2025-05-27T20:36:26 IST" duration-ms="2467" status="PASS">
          <reporter-output>
          </reporter-output>
        </test-method> <!-- VerifyCookieHeaderisDisplayed -->
        <test-method is-config="true" signature="tearDownBrowser()[pri:0, instance:com.creatio.crm.application.tests.AplicationTest@30c15d8b]" started-at="2025-05-27T20:36:27 IST" name="tearDownBrowser" finished-at="2025-05-27T20:36:27 IST" duration-ms="219" status="PASS">
          <reporter-output>
          </reporter-output>
        </test-method> <!-- tearDownBrowser -->
        <test-method is-config="true" signature="setupbrowser(java.lang.String)[pri:0, instance:com.creatio.crm.application.tests.AplicationTest@30c15d8b]" started-at="2025-05-27T20:36:27 IST" name="setupbrowser" finished-at="2025-05-27T20:36:28 IST" duration-ms="1010" status="PASS">
          <params>
            <param index="0">
              <value>
                <![CDATA[Chrome]]>
              </value>
            </param>
          </params>
          <reporter-output>
          </reporter-output>
        </test-method> <!-- setupbrowser -->
        <test-method is-config="true" signature="initializeWeDriverdetails()[pri:0, instance:com.creatio.crm.application.tests.AplicationTest@30c15d8b]" started-at="2025-05-27T20:36:28 IST" name="initializeWeDriverdetails" finished-at="2025-05-27T20:36:28 IST" depends-on-methods="com.creatio.crm.framework.base.BasePage.setupbrowser" duration-ms="2" status="PASS">
          <reporter-output>
          </reporter-output>
        </test-method> <!-- initializeWeDriverdetails -->
        <test-method signature="verifyCookieContentDisplayed(java.lang.String)[pri:2, instance:com.creatio.crm.application.tests.AplicationTest@30c15d8b]" started-at="2025-05-27T20:36:28 IST" name="verifyCookieContentDisplayed" data-provider="testdata" finished-at="2025-05-27T20:36:31 IST" duration-ms="2502" status="FAIL">
          <params>
            <param index="0">
              <value>
                <![CDATA[We may use cookies and similar technologies to collect information about the ways you interact with and use the website, to support and enhance features and functionality, to monitor performance, to personalize content and experiences, for marketing and analytics, and for other lawful purposes. We also may share information about your use of our site with our social media, advertising and analytics partners who may combine it with other information that you’ve provided to them or that they’ve collected from your use of their services. Please, see more details on the "About" tab ]]>
              </value>
            </param>
          </params>
          <exception class="java.lang.AssertionError">
            <message>
              <![CDATA[expected [We may use cookies and similar technologies to collect information about the ways you interact with and use the website, to support and enhance features and functionality, to monitor performance, to personalize content and experiences, for marketing and analytics, and for other lawful purposes. We also may share information about your use of our site with our social media, advertising and analytics partners who may combine it with other information that you’ve provided to them or that they’ve collected from your use of their services. Please, see more details on the "About" tab  the "About" tab ] but found [We may use cookies and similar technologies to collect information about the ways you interact with and use the website, to support and enhance features and functionality, to monitor performance, to personalize content and experiences, for marketing and analytics, and for other lawful purposes. We also may share information about your use of our site with our social media, advertising and analytics partners who may combine it with other information that you’ve provided to them or that they’ve collected from your use of their services. Please, see more details on the "About" tab ]]]>
            </message>
            <full-stacktrace>
              <![CDATA[java.lang.AssertionError: expected [We may use cookies and similar technologies to collect information about the ways you interact with and use the website, to support and enhance features and functionality, to monitor performance, to personalize content and experiences, for marketing and analytics, and for other lawful purposes. We also may share information about your use of our site with our social media, advertising and analytics partners who may combine it with other information that you’ve provided to them or that they’ve collected from your use of their services. Please, see more details on the "About" tab  the "About" tab ] but found [We may use cookies and similar technologies to collect information about the ways you interact with and use the website, to support and enhance features and functionality, to monitor performance, to personalize content and experiences, for marketing and analytics, and for other lawful purposes. We also may share information about your use of our site with our social media, advertising and analytics partners who may combine it with other information that you’ve provided to them or that they’ve collected from your use of their services. Please, see more details on the "About" tab ]
at org.testng.Assert.fail(Assert.java:99)
at org.testng.Assert.failNotEquals(Assert.java:1037)
at org.testng.Assert.assertEqualsImpl(Assert.java:140)
at org.testng.Assert.assertEquals(Assert.java:122)
at org.testng.Assert.assertEquals(Assert.java:629)
at org.testng.Assert.assertEquals(Assert.java:639)
at com.creatio.crm.application.steps.CookiesPageSteps.verifyCookieContentDisplayed(CookiesPageSteps.java:30)
at com.creatio.crm.application.tests.AplicationTest.verifyCookieContentDisplayed(AplicationTest.java:20)
at java.base/jdk.internal.reflect.DirectMethodHandleAccessor.invoke(DirectMethodHandleAccessor.java:103)
at java.base/java.lang.reflect.Method.invoke(Method.java:580)
at org.testng.internal.MethodInvocationHelper.invokeMethod(MethodInvocationHelper.java:133)
at org.testng.internal.TestInvoker.invokeMethod(TestInvoker.java:598)
at org.testng.internal.TestInvoker.invokeTestMethod(TestInvoker.java:173)
at org.testng.internal.MethodRunner.runInSequence(MethodRunner.java:46)
at org.testng.internal.TestInvoker$MethodInvocationAgent.invoke(TestInvoker.java:824)
at org.testng.internal.TestInvoker.invokeTestMethods(TestInvoker.java:146)
at org.testng.internal.TestMethodWorker.invokeTestMethods(TestMethodWorker.java:146)
at org.testng.internal.TestMethodWorker.run(TestMethodWorker.java:128)
at java.base/java.util.ArrayList.forEach(ArrayList.java:1597)
at org.testng.TestRunner.privateRun(TestRunner.java:794)
at org.testng.TestRunner.run(TestRunner.java:596)
at org.testng.SuiteRunner.runTest(SuiteRunner.java:377)
at org.testng.SuiteRunner.runSequentially(SuiteRunner.java:371)
at org.testng.SuiteRunner.privateRun(SuiteRunner.java:332)
at org.testng.SuiteRunner.run(SuiteRunner.java:276)
at org.testng.SuiteRunnerWorker.runSuite(SuiteRunnerWorker.java:53)
at org.testng.SuiteRunnerWorker.run(SuiteRunnerWorker.java:96)
at org.testng.TestNG.runSuitesSequentially(TestNG.java:1212)
at org.testng.TestNG.runSuitesLocally(TestNG.java:1134)
at org.testng.TestNG.runSuites(TestNG.java:1063)
at org.testng.TestNG.run(TestNG.java:1031)
at org.testng.remote.AbstractRemoteTestNG.run(AbstractRemoteTestNG.java:115)
at org.testng.remote.RemoteTestNG.initAndRun(RemoteTestNG.java:293)
at org.testng.remote.RemoteTestNG.main(RemoteTestNG.java:91)
]]>
            </full-stacktrace>
          </exception> <!-- java.lang.AssertionError -->
          <reporter-output>
          </reporter-output>
        </test-method> <!-- verifyCookieContentDisplayed -->
        <test-method is-config="true" signature="tearDownBrowser()[pri:0, instance:com.creatio.crm.application.tests.AplicationTest@30c15d8b]" started-at="2025-05-27T20:36:31 IST" name="tearDownBrowser" finished-at="2025-05-27T20:36:31 IST" duration-ms="165" status="PASS">
          <reporter-output>
          </reporter-output>
        </test-method> <!-- tearDownBrowser -->
        <test-method is-config="true" signature="setupbrowser(java.lang.String)[pri:0, instance:com.creatio.crm.application.tests.AplicationTest@30c15d8b]" started-at="2025-05-27T20:36:31 IST" name="setupbrowser" finished-at="2025-05-27T20:36:32 IST" duration-ms="1074" status="PASS">
          <params>
            <param index="0">
              <value>
                <![CDATA[Chrome]]>
              </value>
            </param>
          </params>
          <reporter-output>
          </reporter-output>
        </test-method> <!-- setupbrowser -->
        <test-method is-config="true" signature="initializeWeDriverdetails()[pri:0, instance:com.creatio.crm.application.tests.AplicationTest@30c15d8b]" started-at="2025-05-27T20:36:32 IST" name="initializeWeDriverdetails" finished-at="2025-05-27T20:36:33 IST" depends-on-methods="com.creatio.crm.framework.base.BasePage.setupbrowser" duration-ms="16" status="PASS">
          <reporter-output>
          </reporter-output>
        </test-method> <!-- initializeWeDriverdetails -->
        <test-method signature="verifyCookiepopupbtnDisplayed()[pri:3, instance:com.creatio.crm.application.tests.AplicationTest@30c15d8b]" started-at="2025-05-27T20:36:33 IST" name="verifyCookiepopupbtnDisplayed" finished-at="2025-05-27T20:36:35 IST" duration-ms="2870" status="PASS">
          <reporter-output>
          </reporter-output>
        </test-method> <!-- verifyCookiepopupbtnDisplayed -->
        <test-method is-config="true" signature="tearDownBrowser()[pri:0, instance:com.creatio.crm.application.tests.AplicationTest@30c15d8b]" started-at="2025-05-27T20:36:35 IST" name="tearDownBrowser" finished-at="2025-05-27T20:36:36 IST" duration-ms="158" status="PASS">
          <reporter-output>
          </reporter-output>
        </test-method> <!-- tearDownBrowser -->
        <test-method is-config="true" signature="setupbrowser(java.lang.String)[pri:0, instance:com.creatio.crm.application.tests.AplicationTest@30c15d8b]" started-at="2025-05-27T20:36:36 IST" name="setupbrowser" finished-at="2025-05-27T20:36:37 IST" duration-ms="1047" status="PASS">
          <params>
            <param index="0">
              <value>
                <![CDATA[Chrome]]>
              </value>
            </param>
          </params>
          <reporter-output>
          </reporter-output>
        </test-method> <!-- setupbrowser -->
        <test-method is-config="true" signature="initializeWeDriverdetails()[pri:0, instance:com.creatio.crm.application.tests.AplicationTest@30c15d8b]" started-at="2025-05-27T20:36:37 IST" name="initializeWeDriverdetails" finished-at="2025-05-27T20:36:37 IST" depends-on-methods="com.creatio.crm.framework.base.BasePage.setupbrowser" duration-ms="20" status="PASS">
          <reporter-output>
          </reporter-output>
        </test-method> <!-- initializeWeDriverdetails -->
        <test-method signature="creatioLogoCookieBotLogoDisplayed()[pri:4, instance:com.creatio.crm.application.tests.AplicationTest@30c15d8b]" started-at="2025-05-27T20:36:37 IST" name="creatioLogoCookieBotLogoDisplayed" finished-at="2025-05-27T20:36:40 IST" duration-ms="3721" status="PASS">
          <reporter-output>
          </reporter-output>
        </test-method> <!-- creatioLogoCookieBotLogoDisplayed -->
        <test-method is-config="true" signature="tearDownBrowser()[pri:0, instance:com.creatio.crm.application.tests.AplicationTest@30c15d8b]" started-at="2025-05-27T20:36:40 IST" name="tearDownBrowser" finished-at="2025-05-27T20:36:41 IST" duration-ms="180" status="PASS">
          <reporter-output>
          </reporter-output>
        </test-method> <!-- tearDownBrowser -->
      </class> <!-- com.creatio.crm.application.tests.AplicationTest -->
    </test> <!-- Test -->
  </suite> <!-- Suite -->
</testng-results>
